{"timestamp": "2026-05-24T09:14:58.795363+00:00", "level": "INFO", "logger": "app.main", "message": "{\"event\": \"startup_check\", \"service\": \"db\", \"status\": \"ok\"}", "module": "main", "function": "_run_startup_validation", "line": 33}
{"timestamp": "2026-05-24T09:14:58.796059+00:00", "level": "INFO", "logger": "app.main", "message": "{\"event\": \"startup_check\", \"service\": \"gemini_key\", \"status\": \"ok\"}", "module": "main", "function": "_run_startup_validation", "line": 49}
{"timestamp": "2026-05-24T09:15:00.132684+00:00", "level": "INFO", "logger": "app.main", "message": "{\"event\": \"startup_check\", \"service\": \"google_oauth\", \"status\": \"ok\"}", "module": "main", "function": "_run_startup_validation", "line": 94}
{"timestamp": "2026-05-24T09:15:24.558893+00:00", "level": "INFO", "logger": "app.main", "message": "GET /", "module": "main", "function": "log_requests", "line": 123}
{"timestamp": "2026-05-24T09:15:24.559923+00:00", "level": "WARNING", "logger": "app.main", "message": "HTTP exception on /: Not Found", "module": "main", "function": "http_exception_handler", "line": 154}
{"timestamp": "2026-05-24T09:15:24.560505+00:00", "level": "INFO", "logger": "app.main", "message": "GET / -> 404", "module": "main", "function": "log_requests", "line": 125}
{"timestamp": "2026-05-24T09:15:24.688470+00:00", "level": "INFO", "logger": "app.main", "message": "GET /favicon.ico", "module": "main", "function": "log_requests", "line": 123}
{"timestamp": "2026-05-24T09:15:24.689148+00:00", "level": "WARNING", "logger": "app.main", "message": "HTTP exception on /favicon.ico: Not Found", "module": "main", "function": "http_exception_handler", "line": 154}
{"timestamp": "2026-05-24T09:15:24.689655+00:00", "level": "INFO", "logger": "app.main", "message": "GET /favicon.ico -> 404", "module": "main", "function": "log_requests", "line": 125}
{"timestamp": "2026-05-24T09:15:30.627808+00:00", "level": "INFO", "logger": "app.main", "message": "GET /health", "module": "main", "function": "log_requests", "line": 123}
{"timestamp": "2026-05-24T09:15:30.630904+00:00", "level": "INFO", "logger": "app.main", "message": "GET /health -> 200", "module": "main", "function": "log_requests", "line": 125}
{"timestamp": "2026-05-24T09:16:10.639690+00:00", "level": "INFO", "logger": "app.main", "message": "GET /api/calendar/events", "module": "main", "function": "log_requests", "line": 123}
{"timestamp": "2026-05-24T09:16:10.643815+00:00", "level": "INFO", "logger": "app.main", "message": "GET /api/notes", "module": "main", "function": "log_requests", "line": 123}
{"timestamp": "2026-05-24T09:16:10.695261+00:00", "level": "INFO", "logger": "app.main", "message": "GET /api/calendar/events -> 200", "module": "main", "function": "log_requests", "line": 125}
{"timestamp": "2026-05-24T09:16:10.697505+00:00", "level": "INFO", "logger": "app.main", "message": "GET /api/notes -> 200", "module": "main", "function": "log_requests", "line": 125}
{"timestamp": "2026-05-24T09:16:43.936287+00:00", "level": "INFO", "logger": "app.main", "message": "GET /api/calendar/events", "module": "main", "function": "log_requests", "line": 123}
{"timestamp": "2026-05-24T09:16:43.938132+00:00", "level": "INFO", "logger": "app.main", "message": "GET /api/notes", "module": "main", "function": "log_requests", "line": 123}
{"timestamp": "2026-05-24T09:16:43.941522+00:00", "level": "INFO", "logger": "app.main", "message": "GET /api/calendar/events -> 200", "module": "main", "function": "log_requests", "line": 125}
{"timestamp": "2026-05-24T09:16:43.943428+00:00", "level": "INFO", "logger": "app.main", "message": "GET /api/notes -> 200", "module": "main", "function": "log_requests", "line": 125}
{"timestamp": "2026-05-24T09:16:51.501246+00:00", "level": "INFO", "logger": "app.main", "message": "GET /api/calendar/events", "module": "main", "function": "log_requests", "line": 123}
{"timestamp": "2026-05-24T09:16:51.503172+00:00", "level": "INFO", "logger": "app.main", "message": "GET /api/notes", "module": "main", "function": "log_requests", "line": 123}
{"timestamp": "2026-05-24T09:16:51.508252+00:00", "level": "INFO", "logger": "app.main", "message": "GET /api/calendar/events -> 200", "module": "main", "function": "log_requests", "line": 125}
{"timestamp": "2026-05-24T09:16:51.510867+00:00", "level": "INFO", "logger": "app.main", "message": "GET /api/notes -> 200", "module": "main", "function": "log_requests", "line": 125}
{"timestamp": "2026-05-24T09:16:58.030057+00:00", "level": "INFO", "logger": "app.main", "message": "GET /api/calendar/events", "module": "main", "function": "log_requests", "line": 123}
{"timestamp": "2026-05-24T09:16:58.031696+00:00", "level": "INFO", "logger": "app.main", "message": "GET /api/notes", "module": "main", "function": "log_requests", "line": 123}
{"timestamp": "2026-05-24T09:16:58.036669+00:00", "level": "INFO", "logger": "app.main", "message": "GET /api/calendar/events -> 200", "module": "main", "function": "log_requests", "line": 125}
{"timestamp": "2026-05-24T09:16:58.038944+00:00", "level": "INFO", "logger": "app.main", "message": "GET /api/notes -> 200", "module": "main", "function": "log_requests", "line": 125}
{"timestamp": "2026-05-24T09:17:46.851312+00:00", "level": "INFO", "logger": "app.main", "message": "POST /api/assistant/chat", "module": "main", "function": "log_requests", "line": 123}
{"timestamp": "2026-05-24T09:17:46.919723+00:00", "level": "INFO", "logger": "app.services.assistant_service", "message": "Assistant: local intent parser activated for structured command", "module": "assistant_service", "function": "process_chat_message", "line": 41}
{"timestamp": "2026-05-24T09:17:56.772137+00:00", "level": "INFO", "logger": "app.services.calendar_service", "message": "{\"event\": \"google_sync\", \"status\": \"synced\", \"event_id\": 4, \"google_event_id\": \"il6fafeovjjt2hhntnmh5cvch4\", \"title\": \"a  for today at 9 pm\"}", "module": "calendar_service", "function": "_sync_google_event", "line": 52}
{"timestamp": "2026-05-24T09:17:56.787503+00:00", "level": "INFO", "logger": "app.services.scheduling_service", "message": "Event scheduled and synced to Google Calendar: event_id=4 google_event_id=il6fafeovjjt2hhntnmh5cvch4", "module": "scheduling_service", "function": "handle_schedule_intent", "line": 40}
{"timestamp": "2026-05-24T09:17:56.787934+00:00", "level": "INFO", "logger": "app.services.assistant_service", "message": "Assistant: processed message", "module": "assistant_service", "function": "process_chat_message", "line": 43}
{"timestamp": "2026-05-24T09:17:56.788453+00:00", "level": "INFO", "logger": "app.main", "message": "POST /api/assistant/chat -> 200", "module": "main", "function": "log_requests", "line": 125}
{"timestamp": "2026-05-24T09:18:04.560711+00:00", "level": "INFO", "logger": "app.main", "message": "GET /api/calendar/events", "module": "main", "function": "log_requests", "line": 123}
{"timestamp": "2026-05-24T09:18:04.568903+00:00", "level": "INFO", "logger": "app.main", "message": "GET /api/calendar/events -> 200", "module": "main", "function": "log_requests", "line": 125}
{"timestamp": "2026-05-24T09:18:15.370442+00:00", "level": "INFO", "logger": "app.main", "message": "GET /api/notes", "module": "main", "function": "log_requests", "line": 123}
{"timestamp": "2026-05-24T09:18:15.377069+00:00", "level": "INFO", "logger": "app.main", "message": "GET /api/notes -> 200", "module": "main", "function": "log_requests", "line": 125}
{"timestamp": "2026-05-24T09:21:35.572325+00:00", "level": "INFO", "logger": "app.main", "message": "GET /api/calendar/events", "module": "main", "function": "log_requests", "line": 123}
{"timestamp": "2026-05-24T09:21:35.574544+00:00", "level": "INFO", "logger": "app.main", "message": "GET /api/notes", "module": "main", "function": "log_requests", "line": 123}
{"timestamp": "2026-05-24T09:21:35.579053+00:00", "level": "INFO", "logger": "app.main", "message": "GET /api/calendar/events -> 200", "module": "main", "function": "log_requests", "line": 125}
{"timestamp": "2026-05-24T09:21:35.579497+00:00", "level": "INFO", "logger": "app.main", "message": "GET /api/notes -> 200", "module": "main", "function": "log_requests", "line": 125}
{"timestamp": "2026-05-24T09:21:48.335828+00:00", "level": "INFO", "logger": "app.main", "message": "POST /api/assistant/chat", "module": "main", "function": "log_requests", "line": 123}
{"timestamp": "2026-05-24T09:21:48.352915+00:00", "level": "INFO", "logger": "app.services.assistant_service", "message": "Assistant: local intent parser activated for structured command", "module": "assistant_service", "function": "process_chat_message", "line": 41}
{"timestamp": "2026-05-24T09:21:52.057499+00:00", "level": "INFO", "logger": "app.services.calendar_service", "message": "{\"event\": \"google_sync\", \"status\": \"deleted\", \"event_id\": 1, \"google_event_id\": \"aeugk3b9ambhmp66ols507bgsc\"}", "module": "calendar_service", "function": "delete_events", "line": 150}
{"timestamp": "2026-05-24T09:21:53.427740+00:00", "level": "INFO", "logger": "app.services.calendar_service", "message": "{\"event\": \"google_sync\", \"status\": \"deleted\", \"event_id\": 2, \"google_event_id\": \"frr0oljenmjs3kf464dtiaq9uk\"}", "module": "calendar_service", "function": "delete_events", "line": 150}
{"timestamp": "2026-05-24T09:21:55.128052+00:00", "level": "INFO", "logger": "app.services.calendar_service", "message": "{\"event\": \"google_sync\", \"status\": \"deleted\", \"event_id\": 3, \"google_event_id\": \"p2g4nkr9t4spbcl5a2qel1vgns\"}", "module": "calendar_service", "function": "delete_events", "line": 150}
{"timestamp": "2026-05-24T09:21:56.568383+00:00", "level": "INFO", "logger": "app.services.calendar_service", "message": "{\"event\": \"google_sync\", \"status\": \"deleted\", \"event_id\": 4, \"google_event_id\": \"il6fafeovjjt2hhntnmh5cvch4\"}", "module": "calendar_service", "function": "delete_events", "line": 150}
{"timestamp": "2026-05-24T09:21:56.583799+00:00", "level": "INFO", "logger": "app.services.assistant_service", "message": "Assistant: processed message", "module": "assistant_service", "function": "process_chat_message", "line": 43}
{"timestamp": "2026-05-24T09:21:56.584302+00:00", "level": "INFO", "logger": "app.main", "message": "POST /api/assistant/chat -> 200", "module": "main", "function": "log_requests", "line": 125}
{"timestamp": "2026-05-24T09:22:43.012317+00:00", "level": "INFO", "logger": "app.main", "message": "POST /api/assistant/chat", "module": "main", "function": "log_requests", "line": 123}
{"timestamp": "2026-05-24T09:22:43.029961+00:00", "level": "INFO", "logger": "app.services.assistant_service", "message": "Assistant: local intent parser activated for structured command", "module": "assistant_service", "function": "process_chat_message", "line": 41}
{"timestamp": "2026-05-24T09:22:44.529860+00:00", "level": "INFO", "logger": "app.services.calendar_service", "message": "{\"event\": \"google_sync\", \"status\": \"synced\", \"event_id\": 5, \"google_event_id\": \"urhcu07k295hvhdgknl5bjn8n8\", \"title\": \"now  a  with Rahul Dada at 9 Pm\"}", "module": "calendar_service", "function": "_sync_google_event", "line": 52}
{"timestamp": "2026-05-24T09:22:44.542972+00:00", "level": "INFO", "logger": "app.services.scheduling_service", "message": "Event scheduled and synced to Google Calendar: event_id=5 google_event_id=urhcu07k295hvhdgknl5bjn8n8", "module": "scheduling_service", "function": "handle_schedule_intent", "line": 40}
{"timestamp": "2026-05-24T09:22:44.543380+00:00", "level": "INFO", "logger": "app.services.assistant_service", "message": "Assistant: processed message", "module": "assistant_service", "function": "process_chat_message", "line": 43}
{"timestamp": "2026-05-24T09:22:44.543988+00:00", "level": "INFO", "logger": "app.main", "message": "POST /api/assistant/chat -> 200", "module": "main", "function": "log_requests", "line": 125}
{"timestamp": "2026-05-24T09:22:54.482100+00:00", "level": "INFO", "logger": "app.main", "message": "GET /api/calendar/events", "module": "main", "function": "log_requests", "line": 123}
{"timestamp": "2026-05-24T09:22:54.487413+00:00", "level": "INFO", "logger": "app.main", "message": "GET /api/calendar/events -> 200", "module": "main", "function": "log_requests", "line": 125}
{"timestamp": "2026-05-24T09:22:59.475101+00:00", "level": "INFO", "logger": "app.main", "message": "GET /api/notes", "module": "main", "function": "log_requests", "line": 123}
{"timestamp": "2026-05-24T09:22:59.480399+00:00", "level": "INFO", "logger": "app.main", "message": "GET /api/notes -> 200", "module": "main", "function": "log_requests", "line": 125}
{"timestamp": "2026-05-24T13:14:23.667013+00:00", "level": "INFO", "logger": "app.main", "message": "{\"event\": \"startup_check\", \"service\": \"db\", \"status\": \"ok\"}", "module": "main", "function": "_run_startup_validation", "line": 33}
{"timestamp": "2026-05-24T13:14:23.667375+00:00", "level": "INFO", "logger": "app.main", "message": "{\"event\": \"startup_check\", \"service\": \"gemini_key\", \"status\": \"ok\"}", "module": "main", "function": "_run_startup_validation", "line": 49}
{"timestamp": "2026-05-24T13:14:24.301654+00:00", "level": "INFO", "logger": "app.main", "message": "{\"event\": \"startup_check\", \"service\": \"google_oauth\", \"status\": \"ok\"}", "module": "main", "function": "_run_startup_validation", "line": 94}
{"timestamp": "2026-05-24T13:15:25.800466+00:00", "level": "INFO", "logger": "app.main", "message": "GET /api/calendar/events", "module": "main", "function": "log_requests", "line": 123}
{"timestamp": "2026-05-24T13:15:25.818470+00:00", "level": "INFO", "logger": "app.main", "message": "GET /api/notes", "module": "main", "function": "log_requests", "line": 123}
{"timestamp": "2026-05-24T13:15:25.830568+00:00", "level": "INFO", "logger": "app.main", "message": "GET /api/calendar/events -> 200", "module": "main", "function": "log_requests", "line": 125}
{"timestamp": "2026-05-24T13:15:25.833214+00:00", "level": "INFO", "logger": "app.main", "message": "GET /api/notes -> 200", "module": "main", "function": "log_requests", "line": 125}
{"timestamp": "2026-05-24T13:15:41.723821+00:00", "level": "INFO", "logger": "app.main", "message": "GET /api/calendar/events", "module": "main", "function": "log_requests", "line": 123}
{"timestamp": "2026-05-24T13:15:41.724585+00:00", "level": "INFO", "logger": "app.main", "message": "GET /api/notes", "module": "main", "function": "log_requests", "line": 123}
{"timestamp": "2026-05-24T13:15:41.730636+00:00", "level": "INFO", "logger": "app.main", "message": "GET /api/calendar/events -> 200", "module": "main", "function": "log_requests", "line": 125}
{"timestamp": "2026-05-24T13:15:41.732929+00:00", "level": "INFO", "logger": "app.main", "message": "GET /api/notes -> 200", "module": "main", "function": "log_requests", "line": 125}
{"timestamp": "2026-05-24T13:18:48.635194+00:00", "level": "INFO", "logger": "app.main", "message": "GET /api/calendar/events", "module": "main", "function": "log_requests", "line": 123}
{"timestamp": "2026-05-24T13:18:48.639109+00:00", "level": "INFO", "logger": "app.main", "message": "GET /api/notes", "module": "main", "function": "log_requests", "line": 123}
{"timestamp": "2026-05-24T13:18:48.643600+00:00", "level": "INFO", "logger": "app.main", "message": "GET /api/calendar/events -> 200", "module": "main", "function": "log_requests", "line": 125}
{"timestamp": "2026-05-24T13:18:48.646584+00:00", "level": "INFO", "logger": "app.main", "message": "GET /api/notes -> 200", "module": "main", "function": "log_requests", "line": 125}
{"timestamp": "2026-05-24T13:29:00.806260+00:00", "level": "INFO", "logger": "app.main", "message": "GET /api/calendar/events", "module": "main", "function": "log_requests", "line": 123}
{"timestamp": "2026-05-24T13:29:00.814134+00:00", "level": "INFO", "logger": "app.main", "message": "GET /api/notes", "module": "main", "function": "log_requests", "line": 123}
{"timestamp": "2026-05-24T13:29:00.819722+00:00", "level": "INFO", "logger": "app.main", "message": "GET /api/calendar/events -> 200", "module": "main", "function": "log_requests", "line": 125}
{"timestamp": "2026-05-24T13:29:00.826799+00:00", "level": "INFO", "logger": "app.main", "message": "GET /api/notes -> 200", "module": "main", "function": "log_requests", "line": 125}
{"timestamp": "2026-05-24T13:34:33.819309+00:00", "level": "INFO", "logger": "app.main", "message": "GET /api/calendar/events", "module": "main", "function": "log_requests", "line": 123}
{"timestamp": "2026-05-24T13:34:33.821869+00:00", "level": "INFO", "logger": "app.main", "message": "GET /api/notes", "module": "main", "function": "log_requests", "line": 123}
{"timestamp": "2026-05-24T13:34:33.826260+00:00", "level": "INFO", "logger": "app.main", "message": "GET /api/calendar/events -> 200", "module": "main", "function": "log_requests", "line": 125}
{"timestamp": "2026-05-24T13:34:33.827978+00:00", "level": "INFO", "logger": "app.main", "message": "GET /api/notes -> 200", "module": "main", "function": "log_requests", "line": 125}
{"timestamp": "2026-05-24T13:35:20.196687+00:00", "level": "INFO", "logger": "app.main", "message": "GET /api/calendar/events", "module": "main", "function": "log_requests", "line": 123}
{"timestamp": "2026-05-24T13:35:20.201260+00:00", "level": "INFO", "logger": "app.main", "message": "GET /api/calendar/events -> 200", "module": "main", "function": "log_requests", "line": 125}
{"timestamp": "2026-05-24T13:35:24.109484+00:00", "level": "INFO", "logger": "app.main", "message": "GET /api/notes", "module": "main", "function": "log_requests", "line": 123}
{"timestamp": "2026-05-24T13:35:24.112585+00:00", "level": "INFO", "logger": "app.main", "message": "GET /api/notes -> 200", "module": "main", "function": "log_requests", "line": 125}
{"timestamp": "2026-05-24T13:37:59.671189+00:00", "level": "INFO", "logger": "app.main", "message": "GET /api/calendar/events", "module": "main", "function": "log_requests", "line": 123}
{"timestamp": "2026-05-24T13:37:59.673412+00:00", "level": "INFO", "logger": "app.main", "message": "GET /api/notes", "module": "main", "function": "log_requests", "line": 123}
{"timestamp": "2026-05-24T13:37:59.676852+00:00", "level": "INFO", "logger": "app.main", "message": "GET /api/calendar/events -> 200", "module": "main", "function": "log_requests", "line": 125}
{"timestamp": "2026-05-24T13:37:59.679259+00:00", "level": "INFO", "logger": "app.main", "message": "GET /api/notes -> 200", "module": "main", "function": "log_requests", "line": 125}
{"timestamp": "2026-05-24T13:38:31.266619+00:00", "level": "INFO", "logger": "app.main", "message": "GET /api/calendar/events", "module": "main", "function": "log_requests", "line": 123}
{"timestamp": "2026-05-24T13:38:31.270480+00:00", "level": "INFO", "logger": "app.main", "message": "GET /api/calendar/events -> 200", "module": "main", "function": "log_requests", "line": 125}
{"timestamp": "2026-05-24T13:38:33.985598+00:00", "level": "INFO", "logger": "app.main", "message": "GET /api/notes", "module": "main", "function": "log_requests", "line": 123}
{"timestamp": "2026-05-24T13:38:33.990329+00:00", "level": "INFO", "logger": "app.main", "message": "GET /api/notes -> 200", "module": "main", "function": "log_requests", "line": 125}
{"timestamp": "2026-05-24T13:38:53.034258+00:00", "level": "INFO", "logger": "app.main", "message": "POST /api/assistant/chat", "module": "main", "function": "log_requests", "line": 123}
{"timestamp": "2026-05-24T13:38:53.060604+00:00", "level": "INFO", "logger": "app.services.assistant_service", "message": "Assistant: local intent parser activated for structured command", "module": "assistant_service", "function": "process_chat_message", "line": 41}
{"timestamp": "2026-05-24T13:38:54.852494+00:00", "level": "INFO", "logger": "app.services.calendar_service", "message": "{\"event\": \"google_sync\", \"status\": \"synced\", \"event_id\": 6, \"google_event_id\": \"25tq9l3blt994ontgjklf5knio\", \"title\": \"a 2-hour  with Kalpesh Ghodekar on 25 May 2026 from 3:00 PM to 5:00 PM for project work discussion, implementation planning, and task review.\"}", "module": "calendar_service", "function": "_sync_google_event", "line": 52}
{"timestamp": "2026-05-24T13:38:54.860029+00:00", "level": "INFO", "logger": "app.services.scheduling_service", "message": "Event scheduled and synced to Google Calendar: event_id=6 google_event_id=25tq9l3blt994ontgjklf5knio", "module": "scheduling_service", "function": "handle_schedule_intent", "line": 40}
{"timestamp": "2026-05-24T13:38:54.860333+00:00", "level": "INFO", "logger": "app.services.assistant_service", "message": "Assistant: processed message", "module": "assistant_service", "function": "process_chat_message", "line": 43}
{"timestamp": "2026-05-24T13:38:54.861190+00:00", "level": "INFO", "logger": "app.main", "message": "POST /api/assistant/chat -> 200", "module": "main", "function": "log_requests", "line": 125}
{"timestamp": "2026-05-24T13:41:28.627701+00:00", "level": "INFO", "logger": "app.main", "message": "POST /api/assistant/chat", "module": "main", "function": "log_requests", "line": 123}
{"timestamp": "2026-05-24T13:41:28.638346+00:00", "level": "INFO", "logger": "app.services.assistant_service", "message": "Assistant: local intent parser activated for structured command", "module": "assistant_service", "function": "process_chat_message", "line": 41}
{"timestamp": "2026-05-24T13:41:28.781016+00:00", "level": "INFO", "logger": "app.services.assistant_service", "message": "Assistant: processed message", "module": "assistant_service", "function": "process_chat_message", "line": 43}
{"timestamp": "2026-05-24T13:41:28.781600+00:00", "level": "INFO", "logger": "app.main", "message": "POST /api/assistant/chat -> 200", "module": "main", "function": "log_requests", "line": 125}
{"timestamp": "2026-05-24T13:41:34.575683+00:00", "level": "INFO", "logger": "app.main", "message": "POST /api/assistant/chat", "module": "main", "function": "log_requests", "line": 123}
{"timestamp": "2026-05-24T13:41:34.585401+00:00", "level": "INFO", "logger": "app.services.assistant_service", "message": "Assistant: local intent parser activated for structured command", "module": "assistant_service", "function": "process_chat_message", "line": 41}
{"timestamp": "2026-05-24T13:41:35.790033+00:00", "level": "INFO", "logger": "app.services.calendar_service", "message": "{\"event\": \"google_sync\", \"status\": \"synced\", \"event_id\": 7, \"google_event_id\": \"lbp5fjs0ja1ocp3am2i3g6f8qo\", \"title\": \"a 2-hour  with Test User on 25 May 2027 from 3:00 PM to 5:00 PM for testing.\"}", "module": "calendar_service", "function": "_sync_google_event", "line": 52}
{"timestamp": "2026-05-24T13:41:35.797339+00:00", "level": "INFO", "logger": "app.services.scheduling_service", "message": "Event scheduled and synced to Google Calendar: event_id=7 google_event_id=lbp5fjs0ja1ocp3am2i3g6f8qo", "module": "scheduling_service", "function": "handle_schedule_intent", "line": 40}
{"timestamp": "2026-05-24T13:41:35.797628+00:00", "level": "INFO", "logger": "app.services.assistant_service", "message": "Assistant: processed message", "module": "assistant_service", "function": "process_chat_message", "line": 43}
{"timestamp": "2026-05-24T13:41:35.798049+00:00", "level": "INFO", "logger": "app.main", "message": "POST /api/assistant/chat -> 200", "module": "main", "function": "log_requests", "line": 125}
{"timestamp": "2026-05-24T13:41:57.174423+00:00", "level": "INFO", "logger": "app.main", "message": "POST /api/assistant/chat", "module": "main", "function": "log_requests", "line": 123}
{"timestamp": "2026-05-24T13:41:57.183612+00:00", "level": "INFO", "logger": "app.services.assistant_service", "message": "Assistant: local intent parser activated for structured command", "module": "assistant_service", "function": "process_chat_message", "line": 41}
{"timestamp": "2026-05-24T13:41:57.310431+00:00", "level": "INFO", "logger": "app.services.assistant_service", "message": "Assistant: processed message", "module": "assistant_service", "function": "process_chat_message", "line": 43}
{"timestamp": "2026-05-24T13:41:57.310844+00:00", "level": "INFO", "logger": "app.main", "message": "POST /api/assistant/chat -> 200", "module": "main", "function": "log_requests", "line": 125}
{"timestamp": "2026-05-24T13:42:01.041668+00:00", "level": "INFO", "logger": "app.main", "message": "POST /api/assistant/chat", "module": "main", "function": "log_requests", "line": 123}
{"timestamp": "2026-05-24T13:42:01.050288+00:00", "level": "INFO", "logger": "app.services.assistant_service", "message": "Assistant: local intent parser activated for structured command", "module": "assistant_service", "function": "process_chat_message", "line": 41}
{"timestamp": "2026-05-24T13:42:02.318561+00:00", "level": "INFO", "logger": "app.services.calendar_service", "message": "{\"event\": \"google_sync\", \"status\": \"synced\", \"event_id\": 8, \"google_event_id\": \"3n65nfb3tma25etgb3ro3m8224\", \"title\": \"a 2-hour  with Test User on 25 May 2028 from 3:00 PM to 5:00 PM for testing.\"}", "module": "calendar_service", "function": "_sync_google_event", "line": 52}
{"timestamp": "2026-05-24T13:42:02.325337+00:00", "level": "INFO", "logger": "app.services.scheduling_service", "message": "Event scheduled and synced to Google Calendar: event_id=8 google_event_id=3n65nfb3tma25etgb3ro3m8224", "module": "scheduling_service", "function": "handle_schedule_intent", "line": 40}
{"timestamp": "2026-05-24T13:42:02.325570+00:00", "level": "INFO", "logger": "app.services.assistant_service", "message": "Assistant: processed message", "module": "assistant_service", "function": "process_chat_message", "line": 43}
{"timestamp": "2026-05-24T13:42:02.325924+00:00", "level": "INFO", "logger": "app.main", "message": "POST /api/assistant/chat -> 200", "module": "main", "function": "log_requests", "line": 125}
{"timestamp": "2026-05-24T13:42:40.047844+00:00", "level": "INFO", "logger": "app.main", "message": "POST /api/assistant/chat", "module": "main", "function": "log_requests", "line": 123}
{"timestamp": "2026-05-24T13:42:40.064319+00:00", "level": "INFO", "logger": "app.services.assistant_service", "message": "Assistant: local intent parser activated for structured command", "module": "assistant_service", "function": "process_chat_message", "line": 41}
{"timestamp": "2026-05-24T13:42:41.346542+00:00", "level": "INFO", "logger": "app.services.calendar_service", "message": "{\"event\": \"google_sync\", \"status\": \"synced\", \"event_id\": 9, \"google_event_id\": \"vncq7emkh6pd4ascmhc0pq1k30\", \"title\": \"a 2-hour  with Test User on 25 May 2029 from 3:00 PM to 5:00 PM for testing.\"}", "module": "calendar_service", "function": "_sync_google_event", "line": 52}
{"timestamp": "2026-05-24T13:42:41.353762+00:00", "level": "INFO", "logger": "app.services.scheduling_service", "message": "Event scheduled and synced to Google Calendar: event_id=9 google_event_id=vncq7emkh6pd4ascmhc0pq1k30", "module": "scheduling_service", "function": "handle_schedule_intent", "line": 40}
{"timestamp": "2026-05-24T13:42:41.354005+00:00", "level": "INFO", "logger": "app.services.assistant_service", "message": "Assistant: processed message", "module": "assistant_service", "function": "process_chat_message", "line": 43}
{"timestamp": "2026-05-24T13:42:41.354358+00:00", "level": "INFO", "logger": "app.main", "message": "POST /api/assistant/chat -> 200", "module": "main", "function": "log_requests", "line": 125}
{"timestamp": "2026-05-24T13:43:19.033043+00:00", "level": "INFO", "logger": "app.main", "message": "POST /api/assistant/chat", "module": "main", "function": "log_requests", "line": 123}
{"timestamp": "2026-05-24T13:43:19.043341+00:00", "level": "INFO", "logger": "app.services.assistant_service", "message": "Assistant: local intent parser activated for structured command", "module": "assistant_service", "function": "process_chat_message", "line": 41}
{"timestamp": "2026-05-24T13:43:20.190619+00:00", "level": "INFO", "logger": "app.services.calendar_service", "message": "{\"event\": \"google_sync\", \"status\": \"synced\", \"event_id\": 10, \"google_event_id\": \"72r3a7su25hgdoit7bbrmcevm0\", \"title\": \"a 2-hour  with Test User on 25 May 2030 from 3:00 PM to 5:00 PM for testing.\"}", "module": "calendar_service", "function": "_sync_google_event", "line": 52}
{"timestamp": "2026-05-24T13:43:20.197957+00:00", "level": "INFO", "logger": "app.services.scheduling_service", "message": "Event scheduled and synced to Google Calendar: event_id=10 google_event_id=72r3a7su25hgdoit7bbrmcevm0", "module": "scheduling_service", "function": "handle_schedule_intent", "line": 40}
{"timestamp": "2026-05-24T13:43:20.198379+00:00", "level": "INFO", "logger": "app.services.assistant_service", "message": "Assistant: processed message", "module": "assistant_service", "function": "process_chat_message", "line": 43}
{"timestamp": "2026-05-24T13:43:20.199042+00:00", "level": "INFO", "logger": "app.main", "message": "POST /api/assistant/chat -> 200", "module": "main", "function": "log_requests", "line": 125}
{"timestamp": "2026-05-24T13:43:43.548842+00:00", "level": "INFO", "logger": "app.main", "message": "POST /api/assistant/chat", "module": "main", "function": "log_requests", "line": 123}
{"timestamp": "2026-05-24T13:43:43.558348+00:00", "level": "INFO", "logger": "app.services.assistant_service", "message": "Assistant: local intent parser activated for structured command", "module": "assistant_service", "function": "process_chat_message", "line": 41}
{"timestamp": "2026-05-24T13:43:44.720388+00:00", "level": "INFO", "logger": "app.services.calendar_service", "message": "{\"event\": \"google_sync\", \"status\": \"synced\", \"event_id\": 11, \"google_event_id\": \"mb4mncmlced9cn33cav6k6umms\", \"title\": \"a 2-hour  with Test User on 25 May 2031 from 3:00 PM to 5:00 PM for testing.\"}", "module": "calendar_service", "function": "_sync_google_event", "line": 52}
{"timestamp": "2026-05-24T13:43:44.728361+00:00", "level": "INFO", "logger": "app.services.scheduling_service", "message": "Event scheduled and synced to Google Calendar: event_id=11 google_event_id=mb4mncmlced9cn33cav6k6umms", "module": "scheduling_service", "function": "handle_schedule_intent", "line": 40}
{"timestamp": "2026-05-24T13:43:44.728723+00:00", "level": "INFO", "logger": "app.services.assistant_service", "message": "Assistant: processed message", "module": "assistant_service", "function": "process_chat_message", "line": 43}
{"timestamp": "2026-05-24T13:43:44.729109+00:00", "level": "INFO", "logger": "app.main", "message": "POST /api/assistant/chat -> 200", "module": "main", "function": "log_requests", "line": 125}
{"timestamp": "2026-05-24T13:53:21.495639+00:00", "level": "INFO", "logger": "app.main", "message": "{\"event\": \"startup_check\", \"service\": \"db\", \"status\": \"ok\"}", "module": "main", "function": "_run_startup_validation", "line": 33}
{"timestamp": "2026-05-24T13:53:21.495820+00:00", "level": "INFO", "logger": "app.main", "message": "{\"event\": \"startup_check\", \"service\": \"gemini_key\", \"status\": \"ok\"}", "module": "main", "function": "_run_startup_validation", "line": 49}
{"timestamp": "2026-05-24T13:53:21.579395+00:00", "level": "INFO", "logger": "app.main", "message": "{\"event\": \"startup_check\", \"service\": \"google_oauth\", \"status\": \"ok\"}", "module": "main", "function": "_run_startup_validation", "line": 94}
{"timestamp": "2026-05-24T13:53:42.054101+00:00", "level": "INFO", "logger": "app.main", "message": "POST /api/assistant/chat", "module": "main", "function": "log_requests", "line": 123}
{"timestamp": "2026-05-24T13:53:42.073649+00:00", "level": "INFO", "logger": "app.services.assistant_service", "message": "Assistant: local intent parser activated for structured command", "module": "assistant_service", "function": "process_chat_message", "line": 41}
{"timestamp": "2026-05-24T13:53:46.025587+00:00", "level": "INFO", "logger": "app.services.scheduling_service", "message": "Scheduling: creating event with start_time=2026-05-25 15:00:00+05:30 end_time=2026-05-25 17:00:00+05:30 title=with Alice to 5 00 PM  planning.", "module": "scheduling_service", "function": "handle_schedule_intent", "line": 115}
{"timestamp": "2026-05-24T13:53:46.029216+00:00", "level": "INFO", "logger": "app.services.assistant_service", "message": "Assistant: processed message", "module": "assistant_service", "function": "process_chat_message", "line": 43}
{"timestamp": "2026-05-24T13:53:46.029647+00:00", "level": "INFO", "logger": "app.main", "message": "POST /api/assistant/chat -> 200", "module": "main", "function": "log_requests", "line": 125}
{"timestamp": "2026-05-24T13:53:47.033866+00:00", "level": "INFO", "logger": "app.main", "message": "GET /api/calendar/events", "module": "main", "function": "log_requests", "line": 123}
{"timestamp": "2026-05-24T13:53:47.038627+00:00", "level": "INFO", "logger": "app.main", "message": "GET /api/calendar/events -> 200", "module": "main", "function": "log_requests", "line": 125}
{"timestamp": "2026-05-24T13:58:44.533016+00:00", "level": "INFO", "logger": "app.main", "message": "{\"event\": \"startup_check\", \"service\": \"db\", \"status\": \"ok\"}", "module": "main", "function": "_run_startup_validation", "line": 33}
{"timestamp": "2026-05-24T13:58:44.533352+00:00", "level": "INFO", "logger": "app.main", "message": "{\"event\": \"startup_check\", \"service\": \"gemini_key\", \"status\": \"ok\"}", "module": "main", "function": "_run_startup_validation", "line": 49}
{"timestamp": "2026-05-24T13:58:44.619374+00:00", "level": "INFO", "logger": "app.main", "message": "{\"event\": \"startup_check\", \"service\": \"google_oauth\", \"status\": \"ok\"}", "module": "main", "function": "_run_startup_validation", "line": 94}
{"timestamp": "2026-05-24T13:59:05.113692+00:00", "level": "INFO", "logger": "app.main", "message": "POST /api/assistant/chat", "module": "main", "function": "log_requests", "line": 123}
{"timestamp": "2026-05-24T13:59:05.136978+00:00", "level": "INFO", "logger": "app.services.assistant_service", "message": "Assistant: local intent parser activated for structured command", "module": "assistant_service", "function": "process_chat_message", "line": 41}
{"timestamp": "2026-05-24T13:59:10.080379+00:00", "level": "INFO", "logger": "app.services.scheduling_service", "message": "Scheduling: creating event with start_time=2026-05-24 21:29:09.913508+05:30 end_time=2026-05-25 15:00:00+05:30 title=with Alice  planning.", "module": "scheduling_service", "function": "handle_schedule_intent", "line": 115}
{"timestamp": "2026-05-24T13:59:10.085991+00:00", "level": "INFO", "logger": "app.services.assistant_service", "message": "Assistant: processed message", "module": "assistant_service", "function": "process_chat_message", "line": 43}
{"timestamp": "2026-05-24T13:59:10.086477+00:00", "level": "INFO", "logger": "app.main", "message": "POST /api/assistant/chat -> 200", "module": "main", "function": "log_requests", "line": 125}
{"timestamp": "2026-05-24T13:59:11.092167+00:00", "level": "INFO", "logger": "app.main", "message": "GET /api/calendar/events", "module": "main", "function": "log_requests", "line": 123}
{"timestamp": "2026-05-24T13:59:11.099097+00:00", "level": "INFO", "logger": "app.main", "message": "GET /api/calendar/events -> 200", "module": "main", "function": "log_requests", "line": 125}
{"timestamp": "2026-05-24T13:59:21.559998+00:00", "level": "INFO", "logger": "app.main", "message": "POST /api/assistant/chat", "module": "main", "function": "log_requests", "line": 123}
{"timestamp": "2026-05-24T13:59:21.573545+00:00", "level": "INFO", "logger": "app.services.assistant_service", "message": "Assistant: local intent parser activated for structured command", "module": "assistant_service", "function": "process_chat_message", "line": 41}
{"timestamp": "2026-05-24T13:59:21.838229+00:00", "level": "INFO", "logger": "app.services.scheduling_service", "message": "Scheduling: creating event with start_time=2026-05-25 15:00:00+05:30 end_time=2026-05-25 17:00:00+05:30 title=with Kalpesh Ghodekar to 5 00 PM  project work discussion.", "module": "scheduling_service", "function": "handle_schedule_intent", "line": 115}
{"timestamp": "2026-05-24T13:59:21.840717+00:00", "level": "INFO", "logger": "app.services.assistant_service", "message": "Assistant: processed message", "module": "assistant_service", "function": "process_chat_message", "line": 43}
{"timestamp": "2026-05-24T13:59:21.841203+00:00", "level": "INFO", "logger": "app.main", "message": "POST /api/assistant/chat -> 200", "module": "main", "function": "log_requests", "line": 125}
{"timestamp": "2026-05-24T13:59:22.846519+00:00", "level": "INFO", "logger": "app.main", "message": "GET /api/calendar/events", "module": "main", "function": "log_requests", "line": 123}
{"timestamp": "2026-05-24T13:59:22.850507+00:00", "level": "INFO", "logger": "app.main", "message": "GET /api/calendar/events -> 200", "module": "main", "function": "log_requests", "line": 125}
{"timestamp": "2026-05-24T14:00:46.169369+00:00", "level": "INFO", "logger": "app.main", "message": "{\"event\": \"startup_check\", \"service\": \"db\", \"status\": \"ok\"}", "module": "main", "function": "_run_startup_validation", "line": 33}
{"timestamp": "2026-05-24T14:00:46.170526+00:00", "level": "INFO", "logger": "app.main", "message": "{\"event\": \"startup_check\", \"service\": \"gemini_key\", \"status\": \"ok\"}", "module": "main", "function": "_run_startup_validation", "line": 49}
{"timestamp": "2026-05-24T14:00:46.283586+00:00", "level": "INFO", "logger": "app.main", "message": "{\"event\": \"startup_check\", \"service\": \"google_oauth\", \"status\": \"ok\"}", "module": "main", "function": "_run_startup_validation", "line": 94}
{"timestamp": "2026-05-24T14:01:05.868541+00:00", "level": "INFO", "logger": "app.main", "message": "POST /api/assistant/chat", "module": "main", "function": "log_requests", "line": 123}
{"timestamp": "2026-05-24T14:01:05.891200+00:00", "level": "INFO", "logger": "app.services.assistant_service", "message": "Assistant: local intent parser activated for structured command", "module": "assistant_service", "function": "process_chat_message", "line": 41}
{"timestamp": "2026-05-24T14:01:11.120679+00:00", "level": "INFO", "logger": "app.services.scheduling_service", "message": "Scheduling debug: start_tz=Asia/Kolkata end_tz=Asia/Kolkata duration_hours=2.0", "module": "scheduling_service", "function": "handle_schedule_intent", "line": 117}
{"timestamp": "2026-05-24T14:01:11.121197+00:00", "level": "INFO", "logger": "app.services.scheduling_service", "message": "Scheduling: creating event with start_time=2026-05-25 15:00:00+05:30 end_time=2026-05-25 17:00:00+05:30 title=with Kalpesh Ghodekar to 5 00 PM  project work discussion.", "module": "scheduling_service", "function": "handle_schedule_intent", "line": 118}
{"timestamp": "2026-05-24T14:01:11.126026+00:00", "level": "INFO", "logger": "app.services.assistant_service", "message": "Assistant: processed message", "module": "assistant_service", "function": "process_chat_message", "line": 43}
{"timestamp": "2026-05-24T14:01:11.126491+00:00", "level": "INFO", "logger": "app.main", "message": "POST /api/assistant/chat -> 200", "module": "main", "function": "log_requests", "line": 125}
{"timestamp": "2026-05-24T14:01:12.132840+00:00", "level": "INFO", "logger": "app.main", "message": "GET /api/calendar/events", "module": "main", "function": "log_requests", "line": 123}
{"timestamp": "2026-05-24T14:01:12.139789+00:00", "level": "INFO", "logger": "app.main", "message": "GET /api/calendar/events -> 200", "module": "main", "function": "log_requests", "line": 125}
{"timestamp": "2026-05-24T14:01:38.243679+00:00", "level": "INFO", "logger": "app.main", "message": "POST /api/assistant/chat", "module": "main", "function": "log_requests", "line": 123}
{"timestamp": "2026-05-24T14:01:38.254178+00:00", "level": "INFO", "logger": "app.services.assistant_service", "message": "Assistant: local intent parser activated for structured command", "module": "assistant_service", "function": "process_chat_message", "line": 41}
{"timestamp": "2026-05-24T14:01:38.505075+00:00", "level": "INFO", "logger": "app.services.scheduling_service", "message": "Scheduling debug: start_tz=Asia/Kolkata end_tz=Asia/Kolkata duration_hours=2.0", "module": "scheduling_service", "function": "handle_schedule_intent", "line": 117}
{"timestamp": "2026-05-24T14:01:38.505514+00:00", "level": "INFO", "logger": "app.services.scheduling_service", "message": "Scheduling: creating event with start_time=2040-05-25 15:00:00+05:30 end_time=2040-05-25 17:00:00+05:30 title=with Tester to 5 00 PM  testing.", "module": "scheduling_service", "function": "handle_schedule_intent", "line": 118}
{"timestamp": "2026-05-24T14:01:41.919253+00:00", "level": "INFO", "logger": "app.services.calendar_service", "message": "{\"event\": \"google_sync\", \"status\": \"synced\", \"event_id\": 12, \"google_event_id\": \"oi4tp0mbiatsil00mukt4h50b0\", \"title\": \"with Tester to 5 00 PM  testing.\"}", "module": "calendar_service", "function": "_sync_google_event", "line": 52}
{"timestamp": "2026-05-24T14:01:41.928012+00:00", "level": "INFO", "logger": "app.services.scheduling_service", "message": "Event scheduled and synced to Google Calendar: event_id=12 google_event_id=oi4tp0mbiatsil00mukt4h50b0", "module": "scheduling_service", "function": "handle_schedule_intent", "line": 124}
{"timestamp": "2026-05-24T14:01:41.928590+00:00", "level": "INFO", "logger": "app.services.assistant_service", "message": "Assistant: processed message", "module": "assistant_service", "function": "process_chat_message", "line": 43}
{"timestamp": "2026-05-24T14:01:41.929097+00:00", "level": "INFO", "logger": "app.main", "message": "POST /api/assistant/chat -> 200", "module": "main", "function": "log_requests", "line": 125}
{"timestamp": "2026-05-24T14:01:42.934484+00:00", "level": "INFO", "logger": "app.main", "message": "GET /api/calendar/events", "module": "main", "function": "log_requests", "line": 123}
{"timestamp": "2026-05-24T14:01:42.938419+00:00", "level": "INFO", "logger": "app.main", "message": "GET /api/calendar/events -> 200", "module": "main", "function": "log_requests", "line": 125}
{"timestamp": "2026-05-24T14:03:11.492229+00:00", "level": "INFO", "logger": "app.main", "message": "{\"event\": \"startup_check\", \"service\": \"db\", \"status\": \"ok\"}", "module": "main", "function": "_run_startup_validation", "line": 33}
{"timestamp": "2026-05-24T14:03:11.492545+00:00", "level": "INFO", "logger": "app.main", "message": "{\"event\": \"startup_check\", \"service\": \"gemini_key\", \"status\": \"ok\"}", "module": "main", "function": "_run_startup_validation", "line": 49}
{"timestamp": "2026-05-24T14:03:11.602973+00:00", "level": "INFO", "logger": "app.main", "message": "{\"event\": \"startup_check\", \"service\": \"google_oauth\", \"status\": \"ok\"}", "module": "main", "function": "_run_startup_validation", "line": 94}
{"timestamp": "2026-05-24T14:03:32.635394+00:00", "level": "INFO", "logger": "app.main", "message": "POST /api/assistant/chat", "module": "main", "function": "log_requests", "line": 123}
{"timestamp": "2026-05-24T14:03:32.660521+00:00", "level": "INFO", "logger": "app.services.assistant_service", "message": "Assistant: local intent parser activated for structured command", "module": "assistant_service", "function": "process_chat_message", "line": 41}
{"timestamp": "2026-05-24T14:03:37.760709+00:00", "level": "INFO", "logger": "app.services.scheduling_service", "message": "Scheduling debug: start_tz=Asia/Kolkata end_tz=Asia/Kolkata duration_hours=2.0", "module": "scheduling_service", "function": "handle_schedule_intent", "line": 117}
{"timestamp": "2026-05-24T14:03:37.761007+00:00", "level": "INFO", "logger": "app.services.scheduling_service", "message": "Scheduling: creating event with start_time=2041-05-25 15:00:00+05:30 end_time=2041-05-25 17:00:00+05:30 title=with Kalpesh Ghodekar  project work discussion.", "module": "scheduling_service", "function": "handle_schedule_intent", "line": 118}
{"timestamp": "2026-05-24T14:03:40.390716+00:00", "level": "INFO", "logger": "app.services.calendar_service", "message": "{\"event\": \"google_sync\", \"status\": \"synced\", \"event_id\": 13, \"google_event_id\": \"c6d4hikl90330vq58u72l1c12k\", \"title\": \"with Kalpesh Ghodekar  project work discussion.\"}", "module": "calendar_service", "function": "_sync_google_event", "line": 52}
{"timestamp": "2026-05-24T14:03:40.400723+00:00", "level": "INFO", "logger": "app.services.scheduling_service", "message": "Event scheduled and synced to Google Calendar: event_id=13 google_event_id=c6d4hikl90330vq58u72l1c12k", "module": "scheduling_service", "function": "handle_schedule_intent", "line": 124}
{"timestamp": "2026-05-24T14:03:40.401075+00:00", "level": "INFO", "logger": "app.services.assistant_service", "message": "Assistant: processed message", "module": "assistant_service", "function": "process_chat_message", "line": 43}
{"timestamp": "2026-05-24T14:03:40.401537+00:00", "level": "INFO", "logger": "app.main", "message": "POST /api/assistant/chat -> 200", "module": "main", "function": "log_requests", "line": 125}
{"timestamp": "2026-05-24T14:03:41.408103+00:00", "level": "INFO", "logger": "app.main", "message": "GET /api/calendar/events", "module": "main", "function": "log_requests", "line": 123}
{"timestamp": "2026-05-24T14:03:41.414334+00:00", "level": "INFO", "logger": "app.main", "message": "GET /api/calendar/events -> 200", "module": "main", "function": "log_requests", "line": 125}
{"timestamp": "2026-05-24T14:23:38.424889+00:00", "level": "INFO", "logger": "app.main", "message": "GET /health", "module": "main", "function": "log_requests", "line": 123}
{"timestamp": "2026-05-24T14:23:38.428642+00:00", "level": "INFO", "logger": "app.main", "message": "GET /health -> 200", "module": "main", "function": "log_requests", "line": 125}
{"timestamp": "2026-05-24T14:24:34.130967+00:00", "level": "INFO", "logger": "app.main", "message": "GET /api/calendar/events", "module": "main", "function": "log_requests", "line": 123}
{"timestamp": "2026-05-24T14:24:34.133097+00:00", "level": "INFO", "logger": "app.main", "message": "GET /api/notes", "module": "main", "function": "log_requests", "line": 123}
{"timestamp": "2026-05-24T14:24:34.138148+00:00", "level": "INFO", "logger": "app.main", "message": "GET /api/calendar/events -> 200", "module": "main", "function": "log_requests", "line": 125}
{"timestamp": "2026-05-24T14:24:34.218766+00:00", "level": "INFO", "logger": "app.main", "message": "GET /api/notes -> 200", "module": "main", "function": "log_requests", "line": 125}
{"timestamp": "2026-05-24T14:24:45.007405+00:00", "level": "INFO", "logger": "app.main", "message": "GET /api/calendar/events", "module": "main", "function": "log_requests", "line": 123}
{"timestamp": "2026-05-24T14:24:45.010136+00:00", "level": "INFO", "logger": "app.main", "message": "GET /api/notes", "module": "main", "function": "log_requests", "line": 123}
{"timestamp": "2026-05-24T14:24:45.099779+00:00", "level": "INFO", "logger": "app.main", "message": "GET /api/calendar/events -> 200", "module": "main", "function": "log_requests", "line": 125}
{"timestamp": "2026-05-24T14:24:45.102802+00:00", "level": "INFO", "logger": "app.main", "message": "GET /api/notes -> 200", "module": "main", "function": "log_requests", "line": 125}
{"timestamp": "2026-05-24T14:26:07.623717+00:00", "level": "INFO", "logger": "app.main", "message": "POST /api/assistant/chat", "module": "main", "function": "log_requests", "line": 123}
{"timestamp": "2026-05-24T14:26:07.706142+00:00", "level": "INFO", "logger": "app.services.assistant_service", "message": "Assistant: local intent parser activated for structured command", "module": "assistant_service", "function": "process_chat_message", "line": 41}
{"timestamp": "2026-05-24T14:26:08.046206+00:00", "level": "INFO", "logger": "app.services.scheduling_service", "message": "Scheduling debug: start_tz=Asia/Kolkata end_tz=Asia/Kolkata duration_hours=2.0", "module": "scheduling_service", "function": "handle_schedule_intent", "line": 117}
{"timestamp": "2026-05-24T14:26:08.046761+00:00", "level": "INFO", "logger": "app.services.scheduling_service", "message": "Scheduling: creating event with start_time=2112-05-26 12:00:00+05:30 end_time=2112-05-26 14:00:00+05:30 title=with omkar  fpr project work", "module": "scheduling_service", "function": "handle_schedule_intent", "line": 118}
{"timestamp": "2026-05-24T14:26:08.132633+00:00", "level": "WARNING", "logger": "app.services.calendar_service", "message": "Google OAuth not connected, cannot sync event_id=14", "module": "calendar_service", "function": "_sync_google_event", "line": 42}
{"timestamp": "2026-05-24T14:26:08.143523+00:00", "level": "WARNING", "logger": "app.services.scheduling_service", "message": "Event created but Google sync failed (will retry): event_id=14 error=Google OAuth not connected", "module": "scheduling_service", "function": "handle_schedule_intent", "line": 126}
{"timestamp": "2026-05-24T14:26:08.143929+00:00", "level": "INFO", "logger": "app.services.assistant_service", "message": "Assistant: processed message", "module": "assistant_service", "function": "process_chat_message", "line": 43}
{"timestamp": "2026-05-24T14:26:08.144549+00:00", "level": "INFO", "logger": "app.main", "message": "POST /api/assistant/chat -> 200", "module": "main", "function": "log_requests", "line": 125}
{"timestamp": "2026-05-24T14:28:39.005574+00:00", "level": "INFO", "logger": "app.main", "message": "GET /api/calendar/events", "module": "main", "function": "log_requests", "line": 123}
{"timestamp": "2026-05-24T14:28:39.009193+00:00", "level": "INFO", "logger": "app.main", "message": "GET /api/calendar/events -> 200", "module": "main", "function": "log_requests", "line": 125}
{"timestamp": "2026-05-24T14:29:10.546344+00:00", "level": "INFO", "logger": "app.main", "message": "GET /api/auth/status", "module": "main", "function": "log_requests", "line": 123}
{"timestamp": "2026-05-24T14:29:10.549104+00:00", "level": "INFO", "logger": "app.main", "message": "GET /api/auth/status -> 200", "module": "main", "function": "log_requests", "line": 125}
{"timestamp": "2026-05-24T14:30:23.366412+00:00", "level": "INFO", "logger": "app.main", "message": "GET /api/auth/login", "module": "main", "function": "log_requests", "line": 123}
{"timestamp": "2026-05-24T14:30:23.515365+00:00", "level": "INFO", "logger": "app.main", "message": "GET /api/auth/login -> 400", "module": "main", "function": "log_requests", "line": 125}
{"timestamp": "2026-05-24T14:32:28.673869+00:00", "level": "INFO", "logger": "app.main", "message": "GET /health", "module": "main", "function": "log_requests", "line": 123}
{"timestamp": "2026-05-24T14:32:28.677737+00:00", "level": "INFO", "logger": "app.main", "message": "GET /health -> 200", "module": "main", "function": "log_requests", "line": 125}
{"timestamp": "2026-05-24T14:32:28.704146+00:00", "level": "INFO", "logger": "app.main", "message": "GET /api/auth/status", "module": "main", "function": "log_requests", "line": 123}
{"timestamp": "2026-05-24T14:32:28.705723+00:00", "level": "INFO", "logger": "app.main", "message": "GET /api/auth/status -> 200", "module": "main", "function": "log_requests", "line": 125}
{"timestamp": "2026-05-24T14:32:28.734614+00:00", "level": "INFO", "logger": "app.main", "message": "GET /api/calendar/events", "module": "main", "function": "log_requests", "line": 123}
{"timestamp": "2026-05-24T14:32:28.747544+00:00", "level": "INFO", "logger": "app.main", "message": "GET /api/calendar/events -> 200", "module": "main", "function": "log_requests", "line": 125}
{"timestamp": "2026-05-24T14:32:29.981843+00:00", "level": "INFO", "logger": "app.main", "message": "GET /api/calendar/events", "module": "main", "function": "log_requests", "line": 123}
{"timestamp": "2026-05-24T14:32:29.983501+00:00", "level": "INFO", "logger": "app.main", "message": "GET /api/notes", "module": "main", "function": "log_requests", "line": 123}
{"timestamp": "2026-05-24T14:32:29.987534+00:00", "level": "INFO", "logger": "app.main", "message": "GET /api/notes -> 200", "module": "main", "function": "log_requests", "line": 125}
{"timestamp": "2026-05-24T14:32:29.994706+00:00", "level": "INFO", "logger": "app.main", "message": "GET /api/calendar/events -> 200", "module": "main", "function": "log_requests", "line": 125}
{"timestamp": "2026-05-24T14:33:02.764070+00:00", "level": "INFO", "logger": "app.main", "message": "GET /api/calendar/events", "module": "main", "function": "log_requests", "line": 123}
{"timestamp": "2026-05-24T14:33:02.844632+00:00", "level": "INFO", "logger": "app.main", "message": "GET /api/calendar/events -> 200", "module": "main", "function": "log_requests", "line": 125}
{"timestamp": "2026-05-24T14:33:38.690555+00:00", "level": "INFO", "logger": "app.main", "message": "POST /api/admin/sync_pending", "module": "main", "function": "log_requests", "line": 123}
{"timestamp": "2026-05-24T14:33:38.691040+00:00", "level": "WARNING", "logger": "app.main", "message": "HTTP exception on /api/admin/sync_pending: Not Found", "module": "main", "function": "http_exception_handler", "line": 154}
{"timestamp": "2026-05-24T14:33:38.691386+00:00", "level": "INFO", "logger": "app.main", "message": "POST /api/admin/sync_pending -> 404", "module": "main", "function": "log_requests", "line": 125}
{"timestamp": "2026-05-24T14:36:48.916602+00:00", "level": "INFO", "logger": "app.main", "message": "{\"event\": \"startup_check\", \"service\": \"db\", \"status\": \"ok\"}", "module": "main", "function": "_run_startup_validation", "line": 36}
{"timestamp": "2026-05-24T14:36:48.916891+00:00", "level": "INFO", "logger": "app.main", "message": "{\"event\": \"startup_check\", \"service\": \"gemini_key\", \"status\": \"ok\"}", "module": "main", "function": "_run_startup_validation", "line": 52}
{"timestamp": "2026-05-24T14:36:48.998506+00:00", "level": "ERROR", "logger": "app.main", "message": "{\"event\": \"startup_check\", \"service\": \"google_oauth\", \"status\": \"failed\", \"reason\": \"not_connected\"}", "module": "main", "function": "_run_startup_validation", "line": 84}
{"timestamp": "2026-05-24T19:04:00.281555+00:00", "level": "INFO", "logger": "app.main", "message": "{\"event\": \"startup_check\", \"service\": \"db\", \"status\": \"ok\"}", "module": "main", "function": "_run_startup_validation", "line": 36}
{"timestamp": "2026-05-24T19:04:00.281817+00:00", "level": "INFO", "logger": "app.main", "message": "{\"event\": \"startup_check\", \"service\": \"gemini_key\", \"status\": \"ok\"}", "module": "main", "function": "_run_startup_validation", "line": 52}
{"timestamp": "2026-05-24T19:04:00.346725+00:00", "level": "ERROR", "logger": "app.main", "message": "{\"event\": \"startup_check\", \"service\": \"google_oauth\", \"status\": \"failed\", \"reason\": \"not_connected\"}", "module": "main", "function": "_run_startup_validation", "line": 84}
{"timestamp": "2026-05-24T19:04:34.639539+00:00", "level": "INFO", "logger": "app.main", "message": "{\"event\": \"startup_check\", \"service\": \"db\", \"status\": \"ok\"}", "module": "main", "function": "_run_startup_validation", "line": 36}
{"timestamp": "2026-05-24T19:04:34.639740+00:00", "level": "INFO", "logger": "app.main", "message": "{\"event\": \"startup_check\", \"service\": \"gemini_key\", \"status\": \"ok\"}", "module": "main", "function": "_run_startup_validation", "line": 52}
{"timestamp": "2026-05-24T19:04:59.526740+00:00", "level": "INFO", "logger": "app.main", "message": "GET /health", "module": "main", "function": "log_requests", "line": 126}
{"timestamp": "2026-05-24T19:04:59.530345+00:00", "level": "INFO", "logger": "app.main", "message": "GET /health -> 200", "module": "main", "function": "log_requests", "line": 128}
{"timestamp": "2026-05-24T19:04:59.535503+00:00", "level": "INFO", "logger": "app.main", "message": "GET /api/auth/status", "module": "main", "function": "log_requests", "line": 126}
{"timestamp": "2026-05-24T19:04:59.615260+00:00", "level": "INFO", "logger": "app.main", "message": "GET /api/auth/status -> 200", "module": "main", "function": "log_requests", "line": 128}
{"timestamp": "2026-05-24T19:04:59.618406+00:00", "level": "INFO", "logger": "app.main", "message": "GET /api/auth/login", "module": "main", "function": "log_requests", "line": 126}
{"timestamp": "2026-05-24T19:04:59.701245+00:00", "level": "INFO", "logger": "app.main", "message": "GET /api/auth/login -> 400", "module": "main", "function": "log_requests", "line": 128}
{"timestamp": "2026-05-24T19:04:59.705849+00:00", "level": "INFO", "logger": "app.main", "message": "POST /api/assistant/chat", "module": "main", "function": "log_requests", "line": 126}
{"timestamp": "2026-05-24T19:04:59.731611+00:00", "level": "INFO", "logger": "app.services.assistant_service", "message": "Assistant: local intent parser activated for structured command", "module": "assistant_service", "function": "process_chat_message", "line": 41}
{"timestamp": "2026-05-24T19:05:05.002706+00:00", "level": "INFO", "logger": "app.services.scheduling_service", "message": "Scheduling debug: start_tz=Asia/Kolkata end_tz=Asia/Kolkata duration_hours=1.0", "module": "scheduling_service", "function": "handle_schedule_intent", "line": 157}
{"timestamp": "2026-05-24T19:05:05.002959+00:00", "level": "INFO", "logger": "app.services.scheduling_service", "message": "Scheduling: creating event with start_time=2026-05-26 17:00:00+05:30 end_time=2026-05-26 18:00:00+05:30 title=Meeting", "module": "scheduling_service", "function": "handle_schedule_intent", "line": 158}
{"timestamp": "2026-05-24T19:05:05.023419+00:00", "level": "WARNING", "logger": "app.services.calendar_service", "message": "Google OAuth not connected, cannot sync event_id=15", "module": "calendar_service", "function": "_sync_google_event", "line": 42}
{"timestamp": "2026-05-24T19:05:05.032708+00:00", "level": "WARNING", "logger": "app.services.scheduling_service", "message": "Event created but Google sync failed (will retry): event_id=15 error=Google OAuth not connected", "module": "scheduling_service", "function": "handle_schedule_intent", "line": 166}
{"timestamp": "2026-05-24T19:05:05.033108+00:00", "level": "INFO", "logger": "app.services.assistant_service", "message": "Assistant: processed message", "module": "assistant_service", "function": "process_chat_message", "line": 43}
{"timestamp": "2026-05-24T19:05:05.033609+00:00", "level": "INFO", "logger": "app.main", "message": "POST /api/assistant/chat -> 200", "module": "main", "function": "log_requests", "line": 128}
{"timestamp": "2026-05-24T19:05:05.539183+00:00", "level": "INFO", "logger": "app.main", "message": "POST /api/assistant/chat", "module": "main", "function": "log_requests", "line": 126}
{"timestamp": "2026-05-24T19:05:05.550095+00:00", "level": "INFO", "logger": "app.services.assistant_service", "message": "Assistant: local intent parser activated for structured command", "module": "assistant_service", "function": "process_chat_message", "line": 41}
{"timestamp": "2026-05-24T19:05:05.780325+00:00", "level": "INFO", "logger": "app.services.scheduling_service", "message": "Scheduling debug: start_tz=Asia/Kolkata end_tz=Asia/Kolkata duration_hours=2.0", "module": "scheduling_service", "function": "handle_schedule_intent", "line": 157}
{"timestamp": "2026-05-24T19:05:05.780539+00:00", "level": "INFO", "logger": "app.services.scheduling_service", "message": "Scheduling: creating event with start_time=2026-06-01 15:00:00+05:30 end_time=2026-06-01 17:00:00+05:30 title=project  with Rahul", "module": "scheduling_service", "function": "handle_schedule_intent", "line": 158}
{"timestamp": "2026-05-24T19:05:05.790196+00:00", "level": "WARNING", "logger": "app.services.calendar_service", "message": "Google OAuth not connected, cannot sync event_id=16", "module": "calendar_service", "function": "_sync_google_event", "line": 42}
{"timestamp": "2026-05-24T19:05:05.796943+00:00", "level": "WARNING", "logger": "app.services.scheduling_service", "message": "Event created but Google sync failed (will retry): event_id=16 error=Google OAuth not connected", "module": "scheduling_service", "function": "handle_schedule_intent", "line": 166}
{"timestamp": "2026-05-24T19:05:05.797279+00:00", "level": "INFO", "logger": "app.services.assistant_service", "message": "Assistant: processed message", "module": "assistant_service", "function": "process_chat_message", "line": 43}
{"timestamp": "2026-05-24T19:05:05.797746+00:00", "level": "INFO", "logger": "app.main", "message": "POST /api/assistant/chat -> 200", "module": "main", "function": "log_requests", "line": 128}
{"timestamp": "2026-05-24T19:05:05.802274+00:00", "level": "INFO", "logger": "app.main", "message": "POST /api/assistant/chat", "module": "main", "function": "log_requests", "line": 126}
{"timestamp": "2026-05-24T19:05:05.811800+00:00", "level": "INFO", "logger": "app.services.assistant_service", "message": "Assistant: local intent parser activated for structured command", "module": "assistant_service", "function": "process_chat_message", "line": 41}
{"timestamp": "2026-05-24T19:05:06.401921+00:00", "level": "INFO", "logger": "app.services.scheduling_service", "message": "Scheduling debug: start_tz=Asia/Kolkata end_tz=Asia/Kolkata duration_hours=1.0", "module": "scheduling_service", "function": "handle_schedule_intent", "line": 157}
{"timestamp": "2026-05-24T19:05:06.402332+00:00", "level": "INFO", "logger": "app.services.scheduling_service", "message": "Scheduling: creating event with start_time=2026-05-26 00:35:05.823777+05:30 end_time=2026-05-26 01:35:05.823777+05:30 title=Delete", "module": "scheduling_service", "function": "handle_schedule_intent", "line": 158}
{"timestamp": "2026-05-24T19:05:06.416222+00:00", "level": "WARNING", "logger": "app.services.calendar_service", "message": "Google OAuth not connected, cannot sync event_id=17", "module": "calendar_service", "function": "_sync_google_event", "line": 42}
{"timestamp": "2026-05-24T19:05:06.424171+00:00", "level": "WARNING", "logger": "app.services.scheduling_service", "message": "Event created but Google sync failed (will retry): event_id=17 error=Google OAuth not connected", "module": "scheduling_service", "function": "handle_schedule_intent", "line": 166}
{"timestamp": "2026-05-24T19:05:06.433724+00:00", "level": "INFO", "logger": "app.services.assistant_service", "message": "Assistant: processed message", "module": "assistant_service", "function": "process_chat_message", "line": 43}
{"timestamp": "2026-05-24T19:05:06.434071+00:00", "level": "INFO", "logger": "app.main", "message": "POST /api/assistant/chat -> 200", "module": "main", "function": "log_requests", "line": 128}
{"timestamp": "2026-05-24T19:05:06.438456+00:00", "level": "INFO", "logger": "app.main", "message": "POST /api/assistant/chat", "module": "main", "function": "log_requests", "line": 126}
{"timestamp": "2026-05-24T19:05:06.447802+00:00", "level": "INFO", "logger": "app.services.assistant_service", "message": "Assistant: local intent parser activated for structured command", "module": "assistant_service", "function": "process_chat_message", "line": 41}
{"timestamp": "2026-05-24T19:05:06.456194+00:00", "level": "INFO", "logger": "app.services.assistant_service", "message": "Assistant: processed message", "module": "assistant_service", "function": "process_chat_message", "line": 43}
{"timestamp": "2026-05-24T19:05:06.456857+00:00", "level": "INFO", "logger": "app.main", "message": "POST /api/assistant/chat -> 200", "module": "main", "function": "log_requests", "line": 128}
{"timestamp": "2026-05-24T19:05:06.463868+00:00", "level": "INFO", "logger": "app.main", "message": "GET /api/calendar/events", "module": "main", "function": "log_requests", "line": 126}
{"timestamp": "2026-05-24T19:05:06.473954+00:00", "level": "INFO", "logger": "app.main", "message": "GET /api/calendar/events -> 200", "module": "main", "function": "log_requests", "line": 128}
{"timestamp": "2026-05-24T19:05:06.479577+00:00", "level": "INFO", "logger": "app.main", "message": "GET /api/admin/failed_jobs", "module": "main", "function": "log_requests", "line": 126}
{"timestamp": "2026-05-24T19:05:06.480151+00:00", "level": "WARNING", "logger": "app.main", "message": "HTTP exception on /api/admin/failed_jobs: Not Found", "module": "main", "function": "http_exception_handler", "line": 157}
{"timestamp": "2026-05-24T19:05:06.480725+00:00", "level": "INFO", "logger": "app.main", "message": "GET /api/admin/failed_jobs -> 404", "module": "main", "function": "log_requests", "line": 128}
{"timestamp": "2026-05-24T19:05:44.948927+00:00", "level": "INFO", "logger": "app.main", "message": "GET /api/auth/login", "module": "main", "function": "log_requests", "line": 126}
{"timestamp": "2026-05-24T19:05:44.950897+00:00", "level": "INFO", "logger": "app.main", "message": "GET /api/auth/login -> 200", "module": "main", "function": "log_requests", "line": 128}
{"timestamp": "2026-05-24T19:05:44.954639+00:00", "level": "INFO", "logger": "app.main", "message": "GET /api/auth/login", "module": "main", "function": "log_requests", "line": 126}
{"timestamp": "2026-05-24T19:05:44.956372+00:00", "level": "INFO", "logger": "app.main", "message": "GET /api/auth/login -> 200", "module": "main", "function": "log_requests", "line": 128}
{"timestamp": "2026-05-24T19:05:44.959623+00:00", "level": "INFO", "logger": "app.main", "message": "GET /api/auth/status", "module": "main", "function": "log_requests", "line": 126}
{"timestamp": "2026-05-24T19:05:44.960741+00:00", "level": "INFO", "logger": "app.main", "message": "GET /api/auth/status -> 200", "module": "main", "function": "log_requests", "line": 128}
{"timestamp": "2026-05-24T19:07:49.763827+00:00", "level": "INFO", "logger": "app.main", "message": "{\"event\": \"startup_check\", \"service\": \"db\", \"status\": \"ok\"}", "module": "main", "function": "_run_startup_validation", "line": 36}
{"timestamp": "2026-05-24T19:07:49.764166+00:00", "level": "INFO", "logger": "app.main", "message": "{\"event\": \"startup_check\", \"service\": \"gemini_key\", \"status\": \"ok\"}", "module": "main", "function": "_run_startup_validation", "line": 52}
{"timestamp": "2026-05-24T19:08:00.608582+00:00", "level": "INFO", "logger": "app.main", "message": "GET /api/auth/login", "module": "main", "function": "log_requests", "line": 126}
{"timestamp": "2026-05-24T19:08:00.786427+00:00", "level": "INFO", "logger": "app.main", "message": "GET /api/auth/login -> 200", "module": "main", "function": "log_requests", "line": 128}
